#
# There is insufficient memory for the Java Runtime Environment to continue.
# Native memory allocation (malloc) failed to allocate 1375696 bytes for Chunk::new
# Possible reasons:
#   The system is out of physical RAM or swap space
#   In 32 bit mode, the process size limit was hit
# Possible solutions:
#   Reduce memory load on the system
#   Increase physical memory or swap space
#   Check if swap backing store is full
#   Use 64 bit Java on a 64 bit OS
#   Decrease Java heap size (-Xmx/-Xms)
#   Decrease number of Java threads
#   Decrease Java thread stack sizes (-Xss)
#   Set larger code cache with -XX:ReservedCodeCacheSize=
# This output file may be truncated or incomplete.
#
#  Out of Memory Error (allocation.cpp:390), pid=10612, tid=0x0000000000000e6c
#
# JRE version: Java(TM) SE Runtime Environment (8.0_191-b12) (build 1.8.0_191-b12)
# Java VM: Java HotSpot(TM) 64-Bit Server VM (25.191-b12 mixed mode windows-amd64 compressed oops)
# Failed to write core dump. Minidumps are not enabled by default on client versions of Windows
#

---------------  T H R E A D  ---------------

Current thread (0x000000001dd15000):  JavaThread "C2 CompilerThread1" daemon [_thread_in_native, id=3692, stack(0x000000001f460000,0x000000001f560000)]

Stack: [0x000000001f460000,0x000000001f560000]
[error occurred during error reporting (printing stack bounds), id 0xc0000005]

Native frames: (J=compiled Java code, j=interpreted, Vv=VM code, C=native code)


Current CompileTask:
C2: 935264 26272       4       com.android.tools.r8.ir.conversion.S::a (1010 bytes)


---------------  P R O C E S S  ---------------

Java Threads: ( => current thread )
  0x0000000029f34800 JavaThread "WorkerExecutor Queue" [_thread_blocked, id=5156, stack(0x0000000034aa0000,0x0000000034ba0000)]
  0x0000000029f36800 JavaThread "stdout" [_thread_in_native, id=10116, stack(0x00000000347a0000,0x00000000348a0000)]
  0x0000000029f33800 JavaThread "stderr" [_thread_in_native, id=10820, stack(0x00000000346a0000,0x00000000347a0000)]
  0x000000002534f000 JavaThread "pool-7-thread-1" [_thread_blocked, id=6324, stack(0x00000000345a0000,0x00000000346a0000)]
  0x0000000025348800 JavaThread "Cache worker for execution history cache (F:\EngGrammar2ndVers\englishgrammar\.gradle\7.1.1\executionHistory)" [_thread_blocked, id=9604, stack(0x00000000341a0000,0x00000000342a0000)]
  0x000000002534a800 JavaThread "Execution worker for ':' Thread 3" [_thread_blocked, id=6768, stack(0x00000000340a0000,0x00000000341a0000)]
  0x000000002534d000 JavaThread "Execution worker for ':' Thread 2" [_thread_blocked, id=4716, stack(0x0000000033fa0000,0x00000000340a0000)]
  0x0000000025345800 JavaThread "Execution worker for ':'" [_thread_blocked, id=14088, stack(0x0000000030400000,0x0000000030500000)]
  0x000000002534c000 JavaThread "build event listener" [_thread_blocked, id=5136, stack(0x000000002e480000,0x000000002e580000)]
  0x0000000025340000 JavaThread "build event listener" [_thread_blocked, id=2056, stack(0x000000002db70000,0x000000002dc70000)]
  0x0000000025342800 JavaThread "Unconstrained build operations Thread 40" [_thread_blocked, id=3936, stack(0x000000002d870000,0x000000002d970000)]
  0x0000000020171800 JavaThread "Unconstrained build operations Thread 39" [_thread_blocked, id=11544, stack(0x000000002d770000,0x000000002d870000)]
  0x0000000020173000 JavaThread "Unconstrained build operations Thread 38" [_thread_blocked, id=9788, stack(0x000000002d670000,0x000000002d770000)]
  0x0000000020170800 JavaThread "Unconstrained build operations Thread 37" [_thread_blocked, id=9260, stack(0x000000002d570000,0x000000002d670000)]
  0x0000000020170000 JavaThread "Unconstrained build operations Thread 36" [_thread_blocked, id=8812, stack(0x000000002d470000,0x000000002d570000)]
  0x000000002016e800 JavaThread "Unconstrained build operations Thread 35" [_thread_blocked, id=9104, stack(0x000000002d370000,0x000000002d470000)]
  0x0000000020173800 JavaThread "Unconstrained build operations Thread 34" [_thread_blocked, id=1388, stack(0x000000002d270000,0x000000002d370000)]
  0x0000000020172000 JavaThread "Unconstrained build operations Thread 33" [_thread_blocked, id=1108, stack(0x000000002d170000,0x000000002d270000)]
  0x000000002016d800 JavaThread "Unconstrained build operations Thread 32" [_thread_blocked, id=4532, stack(0x000000002d070000,0x000000002d170000)]
  0x000000002016f000 JavaThread "Unconstrained build operations Thread 31" [_thread_blocked, id=2612, stack(0x000000002cf70000,0x000000002d070000)]
  0x0000000020166000 JavaThread "Unconstrained build operations Thread 30" [_thread_in_Java, id=13952, stack(0x000000002ce70000,0x000000002cf70000)]
  0x000000002016d000 JavaThread "Unconstrained build operations Thread 29" [_thread_blocked, id=5104, stack(0x000000002cd70000,0x000000002ce70000)]
  0x0000000020167000 JavaThread "Unconstrained build operations Thread 28" [_thread_blocked, id=2992, stack(0x000000002cc70000,0x000000002cd70000)]
  0x000000002016c000 JavaThread "Unconstrained build operations Thread 27" [_thread_blocked, id=3300, stack(0x000000002cb70000,0x000000002cc70000)]
  0x000000002016b800 JavaThread "Unconstrained build operations Thread 26" [_thread_blocked, id=12492, stack(0x000000002ca70000,0x000000002cb70000)]
  0x000000002016a800 JavaThread "Unconstrained build operations Thread 25" [_thread_blocked, id=6008, stack(0x000000002c970000,0x000000002ca70000)]
  0x0000000020168800 JavaThread "Unconstrained build operations Thread 24" [_thread_blocked, id=6892, stack(0x000000002c870000,0x000000002c970000)]
  0x0000000020167800 JavaThread "Unconstrained build operations Thread 23" [_thread_blocked, id=10748, stack(0x000000002c770000,0x000000002c870000)]
  0x0000000020164800 JavaThread "Unconstrained build operations Thread 22" [_thread_blocked, id=8168, stack(0x000000002c670000,0x000000002c770000)]
  0x000000002016a000 JavaThread "Unconstrained build operations Thread 21" [_thread_blocked, id=13364, stack(0x000000002c570000,0x000000002c670000)]
  0x0000000020165800 JavaThread "Unconstrained build operations Thread 20" [_thread_blocked, id=10956, stack(0x000000002c470000,0x000000002c570000)]
  0x0000000020169000 JavaThread "Unconstrained build operations Thread 19" [_thread_blocked, id=6696, stack(0x000000002c370000,0x000000002c470000)]
  0x000000001ff3a000 JavaThread "Unconstrained build operations Thread 18" [_thread_blocked, id=2668, stack(0x000000002c270000,0x000000002c370000)]
  0x0000000022079000 JavaThread "Unconstrained build operations Thread 17" [_thread_blocked, id=4676, stack(0x000000002c170000,0x000000002c270000)]
  0x0000000022077000 JavaThread "Unconstrained build operations Thread 16" [_thread_blocked, id=4156, stack(0x000000002c070000,0x000000002c170000)]
  0x0000000022076000 JavaThread "Unconstrained build operations Thread 15" [_thread_blocked, id=10444, stack(0x000000002bf70000,0x000000002c070000)]
  0x0000000022075800 JavaThread "Unconstrained build operations Thread 14" [_thread_blocked, id=12788, stack(0x000000002be70000,0x000000002bf70000)]
  0x000000002206e000 JavaThread "Unconstrained build operations Thread 13" [_thread_blocked, id=2752, stack(0x000000002bd70000,0x000000002be70000)]
  0x000000002206b800 JavaThread "Unconstrained build operations Thread 12" [_thread_blocked, id=11248, stack(0x000000002bc70000,0x000000002bd70000)]
  0x00000000209e9000 JavaThread "Unconstrained build operations Thread 11" [_thread_in_Java, id=2332, stack(0x000000002bb70000,0x000000002bc70000)]
  0x00000000209e8000 JavaThread "Unconstrained build operations Thread 10" [_thread_blocked, id=10964, stack(0x000000002ba70000,0x000000002bb70000)]
  0x00000000209e0800 JavaThread "Unconstrained build operations Thread 9" [_thread_blocked, id=9768, stack(0x000000002b970000,0x000000002ba70000)]
  0x00000000209e7800 JavaThread "Unconstrained build operations Thread 8" [_thread_blocked, id=4628, stack(0x000000002b870000,0x000000002b970000)]
  0x00000000209e0000 JavaThread "Unconstrained build operations Thread 7" [_thread_in_Java, id=6368, stack(0x000000002b770000,0x000000002b870000)]
  0x00000000209e6800 JavaThread "Unconstrained build operations Thread 6" [_thread_blocked, id=8252, stack(0x000000002b670000,0x000000002b770000)]
  0x00000000209e1800 JavaThread "Unconstrained build operations Thread 5" [_thread_blocked, id=9892, stack(0x000000002b570000,0x000000002b670000)]
  0x00000000209e6000 JavaThread "Unconstrained build operations Thread 4" [_thread_blocked, id=12304, stack(0x000000002b470000,0x000000002b570000)]
  0x00000000209e5000 JavaThread "Unconstrained build operations Thread 3" [_thread_blocked, id=3384, stack(0x000000002b130000,0x000000002b230000)]
  0x0000000021d2e000 JavaThread "Unconstrained build operations Thread 2" [_thread_blocked, id=2280, stack(0x000000002ac30000,0x000000002ad30000)]
  0x0000000021d26800 JavaThread "Unconstrained build operations" [_thread_blocked, id=4008, stack(0x000000002a830000,0x000000002a930000)]
  0x0000000021d2d800 JavaThread "Cache worker for Build Output Cleanup Cache (F:\EngGrammar2ndVers\englishgrammar\.gradle\buildOutputCleanup)" [_thread_blocked, id=3052, stack(0x0000000029700000,0x0000000029800000)]
  0x0000000021d2c800 JavaThread "Cache worker for dependencies-accessors (F:\EngGrammar2ndVers\englishgrammar\.gradle\7.1.1\dependencies-accessors)" [_thread_blocked, id=4544, stack(0x0000000029600000,0x0000000029700000)]
  0x0000000021d29000 JavaThread "Cache worker for cache directory md-rule (C:\Users\Madhav\Downloads\gradle-5.4.1-all\caches\7.1.1\md-rule)" [_thread_blocked, id=13520, stack(0x0000000029300000,0x0000000029400000)]
  0x0000000021d2c000 JavaThread "Cache worker for cache directory md-supplier (C:\Users\Madhav\Downloads\gradle-5.4.1-all\caches\7.1.1\md-supplier)" [_thread_blocked, id=11108, stack(0x0000000027d00000,0x0000000027e00000)]
  0x0000000021d29800 JavaThread "Cache worker for checksums cache (F:\EngGrammar2ndVers\englishgrammar\.gradle\checksums)" [_thread_blocked, id=10276, stack(0x0000000027a00000,0x0000000027b00000)]
  0x0000000021d2b000 JavaThread "Cache worker for file hash cache (F:\EngGrammar2ndVers\englishgrammar\.gradle\7.1.1\fileHashes)" [_thread_blocked, id=4456, stack(0x0000000027900000,0x0000000027a00000)]
  0x0000000021d2a800 JavaThread "Daemon client event forwarder" [_thread_blocked, id=1096, stack(0x0000000025d20000,0x0000000025e20000)]
  0x0000000021d21800 JavaThread "Stdin handler" [_thread_blocked, id=11904, stack(0x0000000023580000,0x0000000023680000)]
  0x0000000021d25000 JavaThread "Asynchronous log dispatcher for DefaultDaemonConnection: socket connection from /127.0.0.1:60459 to /127.0.0.1:60655" [_thread_blocked, id=4060, stack(0x0000000023380000,0x0000000023480000)]
  0x0000000021d28000 JavaThread "Daemon worker Thread 2" [_thread_blocked, id=2256, stack(0x0000000023280000,0x0000000023380000)]
  0x0000000021d24800 JavaThread "Cancel handler" [_thread_blocked, id=4880, stack(0x0000000023180000,0x0000000023280000)]
  0x0000000021d23000 JavaThread "Handler for socket connection from /127.0.0.1:60459 to /127.0.0.1:60655" [_thread_in_native, id=6116, stack(0x0000000023080000,0x0000000023180000)]
  0x0000000021d27800 JavaThread "Daemon Thread 2" [_thread_blocked, id=5872, stack(0x0000000022f80000,0x0000000023080000)]
  0x00000000209e3000 JavaThread "Memory manager" [_thread_blocked, id=536, stack(0x00000000017f0000,0x00000000018f0000)]
  0x0000000021d1f000 JavaThread "Cache worker for file content cache (C:\Users\Madhav\Downloads\gradle-5.4.1-all\caches\7.1.1\fileContent)" [_thread_blocked, id=1552, stack(0x0000000028300000,0x0000000028400000)]
  0x0000000021d23800 JavaThread "Cache worker for execution history cache (C:\Users\Madhav\Downloads\gradle-5.4.1-all\caches\7.1.1\executionHistory)" [_thread_blocked, id=10712, stack(0x0000000027e00000,0x0000000027f00000)]
  0x000000001ff39800 JavaThread "jar transforms Thread 4" [_thread_blocked, id=13272, stack(0x0000000027800000,0x0000000027900000)]
  0x000000001ff34800 JavaThread "jar transforms Thread 3" [_thread_blocked, id=11944, stack(0x0000000027450000,0x0000000027550000)]
  0x000000001ff3b800 JavaThread "jar transforms Thread 2" [_thread_blocked, id=11028, stack(0x0000000026320000,0x0000000026420000)]
  0x000000001ff35800 JavaThread "jar transforms" [_thread_blocked, id=9332, stack(0x0000000026220000,0x0000000026320000)]
  0x000000001ff38000 JavaThread "File watcher consumer" daemon [_thread_blocked, id=10884, stack(0x0000000025f20000,0x0000000026020000)]
  0x000000001ff3b000 JavaThread "File watcher server" daemon [_thread_in_native, id=2800, stack(0x0000000025e20000,0x0000000025f20000)]
  0x000000001ff37000 JavaThread "Cache worker for file hash cache (C:\Users\Madhav\Downloads\gradle-5.4.1-all\caches\7.1.1\fileHashes)" [_thread_blocked, id=2560, stack(0x0000000023a80000,0x0000000023b80000)]
  0x000000001ff38800 JavaThread "File lock request listener" [_thread_in_native, id=9424, stack(0x0000000023980000,0x0000000023a80000)]
  0x000000001ff36800 JavaThread "Cache worker for journal cache (C:\Users\Madhav\Downloads\gradle-5.4.1-all\caches\journal-1)" [_thread_blocked, id=11116, stack(0x0000000023880000,0x0000000023980000)]
  0x00000000200a9000 JavaThread "Daemon periodic checks" [_thread_blocked, id=13432, stack(0x0000000022c80000,0x0000000022d80000)]
  0x000000001ffab800 JavaThread "Incoming local TCP Connector on port 60459" [_thread_in_native, id=6244, stack(0x0000000022a40000,0x0000000022b40000)]
  0x0000000020e04800 JavaThread "Daemon health stats" [_thread_blocked, id=6976, stack(0x0000000022600000,0x0000000022700000)]
  0x000000001f68b000 JavaThread "Service Thread" daemon [_thread_blocked, id=9256, stack(0x000000001fa60000,0x000000001fb60000)]
  0x000000001dd22000 JavaThread "C1 CompilerThread2" daemon [_thread_blocked, id=9700, stack(0x000000001f560000,0x000000001f660000)]
=>0x000000001dd15000 JavaThread "C2 CompilerThread1" daemon [_thread_in_native, id=3692, stack(0x000000001f460000,0x000000001f560000)]
  0x000000001dd0f800 JavaThread "C2 CompilerThread0" daemon [_thread_in_native, id=13044, stack(0x000000001f360000,0x000000001f460000)]
  0x000000001dd0d000 JavaThread "Attach Listener" daemon [_thread_blocked, id=6576, stack(0x000000001f260000,0x000000001f360000)]
  0x000000001dd0a000 JavaThread "Signal Dispatcher" daemon [_thread_blocked, id=10532, stack(0x000000001f160000,0x000000001f260000)]
  0x000000000333a800 JavaThread "Finalizer" daemon [_thread_blocked, id=12020, stack(0x000000001ef60000,0x000000001f060000)]
  0x0000000003332000 JavaThread "Reference Handler" daemon [_thread_blocked, id=10468, stack(0x000000001ee60000,0x000000001ef60000)]
  0x000000000323e800 JavaThread "main" [_thread_blocked, id=5168, stack(0x0000000003120000,0x0000000003220000)]

Other Threads:
  0x000000001dcd7000 VMThread [stack: 0x000000001ed60000,0x000000001ee60000] [id=1808]
  0x000000001dd6e800 WatcherThread [stack: 0x000000001fb60000,0x000000001fc60000] [id=2336]

VM state:not at safepoint (normal execution)

VM Mutex/Monitor currently owned by a thread: None

Heap:
 PSYoungGen      total 1512960K, used 931529K [0x0000000760000000, 0x00000007c0000000, 0x00000007c0000000)
  eden space 1453056K, 59% used [0x0000000760000000,0x0000000795336070,0x00000007b8b00000)
  from space 59904K, 99% used [0x00000007b8b00000,0x00000007bc57c558,0x00000007bc580000)
  to   space 59904K, 0% used [0x00000007bc580000,0x00000007bc580000,0x00000007c0000000)
 ParOldGen       total 270848K, used 144598K [0x00000006a0000000, 0x00000006b0880000, 0x0000000760000000)
  object space 270848K, 53% used [0x00000006a0000000,0x00000006a8d358d8,0x00000006b0880000)
 Metaspace       used 122756K, capacity 129978K, committed 130304K, reserved 1163264K
  class space    used 16027K, capacity 17304K, committed 17408K, reserved 1048576K

Card table byte_map: [0x0000000012700000,0x0000000013010000] byte_map_base: 0x000000000f200000

Marking Bits: (ParMarkBitMap*) 0x000000005d943e30
 Begin Bits: [0x0000000013a10000, 0x0000000018210000)
 End Bits:   [0x0000000018210000, 0x000000001ca10000)

Polling page: 0x00000000030b0000

CodeCache: size=245760Kb used=71098Kb max_used=71854Kb free=174661Kb
 bounds [0x0000000003340000, 0x00000000079f0000, 0x0000000012340000]
 total_blobs=21477 nmethods=20519 adapters=868
 compilation: enabled

Compilation events (10 events):
Event: 935.093 Thread 0x000000001dd22000 nmethod 26359 0x00000000070f1a90 code [0x00000000070f1c40, 0x00000000070f2028]
Event: 935.101 Thread 0x000000001dd22000 26360       2       com.android.tools.r8.v.b.f1::g (6 bytes)
Event: 935.102 Thread 0x000000001dd22000 nmethod 26360 0x0000000006f5c750 code [0x0000000006f5c8c0, 0x0000000006f5ca28]
Event: 935.108 Thread 0x000000001dd22000 26361       3       com.android.tools.r8.ir.conversion.o::a (1157 bytes)
Event: 935.117 Thread 0x000000001dd22000 nmethod 26361 0x0000000006fe59d0 code [0x0000000006fe6460, 0x0000000006feda58]
Event: 935.117 Thread 0x000000001dd22000 26362       2       com.android.tools.r8.ir.conversion.o$$Lambda$1756/553437838::apply (8 bytes)
Event: 935.117 Thread 0x000000001dd22000 nmethod 26362 0x00000000047c0450 code [0x00000000047c05a0, 0x00000000047c0770]
Event: 935.117 Thread 0x000000001dd22000 26363       2       com.android.tools.r8.ir.conversion.o::d (8 bytes)
Event: 935.117 Thread 0x000000001dd22000 nmethod 26363 0x000000000704d450 code [0x000000000704d5a0, 0x000000000704d710]
Event: 935.121 Thread 0x000000001dd22000 26364       3       com.android.tools.r8.ir.conversion.o::a (270 bytes)

GC Heap History (10 events):
Event: 462.277 GC heap before
{Heap before GC invocations=45 (full 3):
 PSYoungGen      total 1552384K, used 1552364K [0x0000000760000000, 0x00000007c0000000, 0x00000007c0000000)
  eden space 1531904K, 100% used [0x0000000760000000,0x00000007bd800000,0x00000007bd800000)
  from space 20480K, 99% used [0x00000007bd800000,0x00000007bebfb050,0x00000007bec00000)
  to   space 20480K, 0% used [0x00000007bec00000,0x00000007bec00000,0x00000007c0000000)
 ParOldGen       total 165376K, used 75714K [0x00000006a0000000, 0x00000006aa180000, 0x0000000760000000)
  object space 165376K, 45% used [0x00000006a0000000,0x00000006a49f0898,0x00000006aa180000)
 Metaspace       used 93410K, capacity 98194K, committed 98304K, reserved 1134592K
  class space    used 12370K, capacity 13221K, committed 13312K, reserved 1048576K
Event: 462.317 GC heap after
Heap after GC invocations=45 (full 3):
 PSYoungGen      total 1509376K, used 20473K [0x0000000760000000, 0x00000007c0000000, 0x00000007c0000000)
  eden space 1488896K, 0% used [0x0000000760000000,0x0000000760000000,0x00000007bae00000)
  from space 20480K, 99% used [0x00000007bec00000,0x00000007bfffe7a0,0x00000007c0000000)
  to   space 41984K, 0% used [0x00000007bae00000,0x00000007bae00000,0x00000007bd700000)
 ParOldGen       total 165376K, used 84236K [0x00000006a0000000, 0x00000006aa180000, 0x0000000760000000)
  object space 165376K, 50% used [0x00000006a0000000,0x00000006a52433b0,0x00000006aa180000)
 Metaspace       used 93410K, capacity 98194K, committed 98304K, reserved 1134592K
  class space    used 12370K, capacity 13221K, committed 13312K, reserved 1048576K
}
Event: 470.045 GC heap before
{Heap before GC invocations=46 (full 3):
 PSYoungGen      total 1509376K, used 302565K [0x0000000760000000, 0x00000007c0000000, 0x00000007c0000000)
  eden space 1488896K, 18% used [0x0000000760000000,0x000000077137ae08,0x00000007bae00000)
  from space 20480K, 99% used [0x00000007bec00000,0x00000007bfffe7a0,0x00000007c0000000)
  to   space 41984K, 0% used [0x00000007bae00000,0x00000007bae00000,0x00000007bd700000)
 ParOldGen       total 165376K, used 84236K [0x00000006a0000000, 0x00000006aa180000, 0x0000000760000000)
  object space 165376K, 50% used [0x00000006a0000000,0x00000006a52433b0,0x00000006aa180000)
 Metaspace       used 93770K, capacity 98464K, committed 98560K, reserved 1134592K
  class space    used 12412K, capacity 13260K, committed 13312K, reserved 1048576K
Event: 470.073 GC heap after
Heap after GC invocations=46 (full 3):
 PSYoungGen      total 1518080K, used 28896K [0x0000000760000000, 0x00000007c0000000, 0x00000007c0000000)
  eden space 1488896K, 0% used [0x0000000760000000,0x0000000760000000,0x00000007bae00000)
  from space 29184K, 99% used [0x00000007bae00000,0x00000007bca381d0,0x00000007bca80000)
  to   space 44032K, 0% used [0x00000007bd500000,0x00000007bd500000,0x00000007c0000000)
 ParOldGen       total 165376K, used 84244K [0x00000006a0000000, 0x00000006aa180000, 0x0000000760000000)
  object space 165376K, 50% used [0x00000006a0000000,0x00000006a52453b0,0x00000006aa180000)
 Metaspace       used 93770K, capacity 98464K, committed 98560K, reserved 1134592K
  class space    used 12412K, capacity 13260K, committed 13312K, reserved 1048576K
}
Event: 470.073 GC heap before
{Heap before GC invocations=47 (full 4):
 PSYoungGen      total 1518080K, used 28896K [0x0000000760000000, 0x00000007c0000000, 0x00000007c0000000)
  eden space 1488896K, 0% used [0x0000000760000000,0x0000000760000000,0x00000007bae00000)
  from space 29184K, 99% used [0x00000007bae00000,0x00000007bca381d0,0x00000007bca80000)
  to   space 44032K, 0% used [0x00000007bd500000,0x00000007bd500000,0x00000007c0000000)
 ParOldGen       total 165376K, used 84244K [0x00000006a0000000, 0x00000006aa180000, 0x0000000760000000)
  object space 165376K, 50% used [0x00000006a0000000,0x00000006a52453b0,0x00000006aa180000)
 Metaspace       used 93770K, capacity 98464K, committed 98560K, reserved 1134592K
  class space    used 12412K, capacity 13260K, committed 13312K, reserved 1048576K
Event: 470.480 GC heap after
Heap after GC invocations=47 (full 4):
 PSYoungGen      total 1518080K, used 0K [0x0000000760000000, 0x00000007c0000000, 0x00000007c0000000)
  eden space 1488896K, 0% used [0x0000000760000000,0x0000000760000000,0x00000007bae00000)
  from space 29184K, 0% used [0x00000007bae00000,0x00000007bae00000,0x00000007bca80000)
  to   space 44032K, 0% used [0x00000007bd500000,0x00000007bd500000,0x00000007c0000000)
 ParOldGen       total 270848K, used 95804K [0x00000006a0000000, 0x00000006b0880000, 0x0000000760000000)
  object space 270848K, 35% used [0x00000006a0000000,0x00000006a5d8f2f0,0x00000006b0880000)
 Metaspace       used 93668K, capacity 98222K, committed 98560K, reserved 1134592K
  class space    used 12379K, capacity 13193K, committed 13312K, reserved 1048576K
}
Event: 904.966 GC heap before
{Heap before GC invocations=48 (full 4):
 PSYoungGen      total 1518080K, used 1488896K [0x0000000760000000, 0x00000007c0000000, 0x00000007c0000000)
  eden space 1488896K, 100% used [0x0000000760000000,0x00000007bae00000,0x00000007bae00000)
  from space 29184K, 0% used [0x00000007bae00000,0x00000007bae00000,0x00000007bca80000)
  to   space 44032K, 0% used [0x00000007bd500000,0x00000007bd500000,0x00000007c0000000)
 ParOldGen       total 270848K, used 95804K [0x00000006a0000000, 0x00000006b0880000, 0x0000000760000000)
  object space 270848K, 35% used [0x00000006a0000000,0x00000006a5d8f2f0,0x00000006b0880000)
 Metaspace       used 110655K, capacity 116302K, committed 116480K, reserved 1150976K
  class space    used 14529K, capacity 15560K, committed 15616K, reserved 1048576K
Event: 905.053 GC heap after
Heap after GC invocations=48 (full 4):
 PSYoungGen      total 1497088K, used 44004K [0x0000000760000000, 0x00000007c0000000, 0x00000007c0000000)
  eden space 1453056K, 0% used [0x0000000760000000,0x0000000760000000,0x00000007b8b00000)
  from space 44032K, 99% used [0x00000007bd500000,0x00000007bfff9218,0x00000007c0000000)
  to   space 59904K, 0% used [0x00000007b8b00000,0x00000007b8b00000,0x00000007bc580000)
 ParOldGen       total 270848K, used 118896K [0x00000006a0000000, 0x00000006b0880000, 0x0000000760000000)
  object space 270848K, 43% used [0x00000006a0000000,0x00000006a741c048,0x00000006b0880000)
 Metaspace       used 110655K, capacity 116302K, committed 116480K, reserved 1150976K
  class space    used 14529K, capacity 15560K, committed 15616K, reserved 1048576K
}
Event: 928.908 GC heap before
{Heap before GC invocations=49 (full 4):
 PSYoungGen      total 1497088K, used 1497060K [0x0000000760000000, 0x00000007c0000000, 0x00000007c0000000)
  eden space 1453056K, 100% used [0x0000000760000000,0x00000007b8b00000,0x00000007b8b00000)
  from space 44032K, 99% used [0x00000007bd500000,0x00000007bfff9218,0x00000007c0000000)
  to   space 59904K, 0% used [0x00000007b8b00000,0x00000007b8b00000,0x00000007bc580000)
 ParOldGen       total 270848K, used 118896K [0x00000006a0000000, 0x00000006b0880000, 0x0000000760000000)
  object space 270848K, 43% used [0x00000006a0000000,0x00000006a741c048,0x00000006b0880000)
 Metaspace       used 122656K, capacity 129866K, committed 130048K, reserved 1161216K
  class space    used 16021K, capacity 17298K, committed 17408K, reserved 1048576K
Event: 929.175 GC heap after
Heap after GC invocations=49 (full 4):
 PSYoungGen      total 1512960K, used 59889K [0x0000000760000000, 0x00000007c0000000, 0x00000007c0000000)
  eden space 1453056K, 0% used [0x0000000760000000,0x0000000760000000,0x00000007b8b00000)
  from space 59904K, 99% used [0x00000007b8b00000,0x00000007bc57c558,0x00000007bc580000)
  to   space 59904K, 0% used [0x00000007bc580000,0x00000007bc580000,0x00000007c0000000)
 ParOldGen       total 270848K, used 144598K [0x00000006a0000000, 0x00000006b0880000, 0x0000000760000000)
  object space 270848K, 53% used [0x00000006a0000000,0x00000006a8d358d8,0x00000006b0880000)
 Metaspace       used 122656K, capacity 129866K, committed 130048K, reserved 1161216K
  class space    used 16021K, capacity 17298K, committed 17408K, reserved 1048576K
}

Deoptimization events (10 events):
Event: 930.991 Thread 0x00000000209e0000 Uncommon trap: reason=bimorphic action=maybe_recompile pc=0x00000000077a59d0 method=com.android.tools.r8.w.a.a.a.f.e.putAll(Ljava/util/Map;)V @ 3
Event: 930.995 Thread 0x00000000209e0000 Uncommon trap: reason=unstable_if action=reinterpret pc=0x0000000004a8e6a0 method=com.android.tools.r8.ir.regalloc.h.a(ILcom/android/tools/r8/ir/regalloc/h$a;)Z @ 73
Event: 931.579 Thread 0x0000000020166000 Uncommon trap: reason=unstable_if action=reinterpret pc=0x0000000006bd2260 method=com.android.tools.r8.ir.regalloc.h.a(ILcom/android/tools/r8/ir/regalloc/h$a;)Z @ 73
Event: 932.279 Thread 0x0000000020166000 Uncommon trap: reason=null_check action=make_not_entrant pc=0x00000000079db8d8 method=com.android.tools.r8.v.a.t.a.a(Lcom/android/tools/r8/v/a/t/l;)Lcom/android/tools/r8/v/a/t/o; @ 8
Event: 932.713 Thread 0x0000000020166000 Uncommon trap: reason=bimorphic action=maybe_recompile pc=0x00000000077a59d0 method=com.android.tools.r8.w.a.a.a.f.e.putAll(Ljava/util/Map;)V @ 3
Event: 932.985 Thread 0x00000000209e9000 Uncommon trap: reason=unstable_if action=reinterpret pc=0x00000000062c5a44 method=com.android.tools.r8.w.a.a.a.f.X$e.contains(Ljava/lang/Object;)Z @ 71
Event: 933.058 Thread 0x00000000209e9000 Uncommon trap: reason=speculate_class_check action=maybe_recompile pc=0x000000000770df2c method=com.android.tools.r8.v.a.j.e.b(Lcom/android/tools/r8/v/b/o0;)V @ 258
Event: 933.085 Thread 0x0000000020166000 Uncommon trap: reason=unstable_if action=reinterpret pc=0x00000000079acfdc method=com.android.tools.r8.graph.T.a(IILcom/android/tools/r8/v/b/o0;)V @ 923
Event: 933.125 Thread 0x00000000209e9000 Uncommon trap: reason=unstable_if action=reinterpret pc=0x0000000005287420 method=java.util.HashMap.computeIfAbsent(Ljava/lang/Object;Ljava/util/function/Function;)Ljava/lang/Object; @ 89
Event: 933.285 Thread 0x00000000209e0000 Uncommon trap: reason=speculate_class_check action=maybe_recompile pc=0x000000000770df2c method=com.android.tools.r8.v.a.j.e.b(Lcom/android/tools/r8/v/b/o0;)V @ 258

Classes redefined (0 events):
No events

Internal exceptions (10 events):
Event: 925.982 Thread 0x0000000020166000 Exception <a 'sun/nio/fs/WindowsException'> (0x000000079c454730) thrown at [C:\re\workspace\8-2-build-windows-amd64-cygwin\jdk8u191\11896\hotspot\src\share\vm\prims\jni.cpp, line 709]
Event: 927.731 Thread 0x0000000020166000 Exception <a 'sun/nio/fs/WindowsException'> (0x00000007ae285ef0) thrown at [C:\re\workspace\8-2-build-windows-amd64-cygwin\jdk8u191\11896\hotspot\src\share\vm\prims\jni.cpp, line 709]
Event: 927.884 Thread 0x0000000020166000 Exception <a 'sun/nio/fs/WindowsException'> (0x00000007afd392c0) thrown at [C:\re\workspace\8-2-build-windows-amd64-cygwin\jdk8u191\11896\hotspot\src\share\vm\prims\jni.cpp, line 709]
Event: 928.014 Thread 0x0000000020166000 Exception <a 'sun/nio/fs/WindowsException'> (0x00000007b16c23c8) thrown at [C:\re\workspace\8-2-build-windows-amd64-cygwin\jdk8u191\11896\hotspot\src\share\vm\prims\jni.cpp, line 709]
Event: 928.033 Thread 0x0000000020166000 Exception <a 'sun/nio/fs/WindowsException'> (0x00000007b1879320) thrown at [C:\re\workspace\8-2-build-windows-amd64-cygwin\jdk8u191\11896\hotspot\src\share\vm\prims\jni.cpp, line 709]
Event: 928.079 Thread 0x0000000020166000 Exception <a 'sun/nio/fs/WindowsException'> (0x00000007b1bd52e8) thrown at [C:\re\workspace\8-2-build-windows-amd64-cygwin\jdk8u191\11896\hotspot\src\share\vm\prims\jni.cpp, line 709]
Event: 928.120 Thread 0x0000000020166000 Exception <a 'sun/nio/fs/WindowsException'> (0x00000007b252e6c0) thrown at [C:\re\workspace\8-2-build-windows-amd64-cygwin\jdk8u191\11896\hotspot\src\share\vm\prims\jni.cpp, line 709]
Event: 929.686 Thread 0x0000000020166000 Exception <a 'sun/nio/fs/WindowsException'> (0x0000000764f719d0) thrown at [C:\re\workspace\8-2-build-windows-amd64-cygwin\jdk8u191\11896\hotspot\src\share\vm\prims\jni.cpp, line 709]
Event: 929.954 Thread 0x0000000020166000 Exception <a 'sun/nio/fs/WindowsException'> (0x00000007675c3e28) thrown at [C:\re\workspace\8-2-build-windows-amd64-cygwin\jdk8u191\11896\hotspot\src\share\vm\prims\jni.cpp, line 709]
Event: 932.279 Thread 0x0000000020166000 Implicit null exception at 0x00000000079d77bf to 0x00000000079db8ad

Events (10 events):
Event: 935.079 Thread 0x000000001dd22000 flushing nmethod 0x00000000074d45d0
Event: 935.080 Thread 0x000000001dd22000 flushing nmethod 0x0000000007515710
Event: 935.080 Thread 0x000000001dd22000 flushing nmethod 0x000000000759c0d0
Event: 935.081 Thread 0x000000001dd22000 flushing nmethod 0x0000000007608810
Event: 935.081 Thread 0x000000001dd22000 flushing nmethod 0x0000000007608ed0
Event: 935.081 Thread 0x000000001dd22000 flushing nmethod 0x00000000076099d0
Event: 935.105 Thread 0x00000000209e0000 DEOPT PACKING pc=0x00000000070fe845 sp=0x000000002b86a180
Event: 935.106 Thread 0x00000000209e0000 DEOPT UNPACKING pc=0x0000000003387890 sp=0x000000002b869fb8 mode 0
Event: 935.121 Thread 0x00000000209e9000 DEOPT PACKING pc=0x00000000071dfb7e sp=0x000000002bc69c60
Event: 935.121 Thread 0x00000000209e9000 DEOPT UNPACKING pc=0x0000000003387890 sp=0x000000002bc69c98 mode 0


Dynamic libraries:
0x00007ff6d2e60000 - 0x00007ff6d2e97000 	C:\Program Files\Java\jdk1.8.0_191\bin\java.exe
0x00007ffabc730000 - 0x00007ffabc928000 	C:\WINDOWS\SYSTEM32\ntdll.dll
0x00007ffabb390000 - 0x00007ffabb44d000 	C:\WINDOWS\System32\KERNEL32.DLL
0x00007ffaba250000 - 0x00007ffaba51e000 	C:\WINDOWS\System32\KERNELBASE.dll
0x00007ffabc140000 - 0x00007ffabc1ee000 	C:\WINDOWS\System32\ADVAPI32.dll
0x00007ffabb7e0000 - 0x00007ffabb87e000 	C:\WINDOWS\System32\msvcrt.dll
0x00007ffabb510000 - 0x00007ffabb5ac000 	C:\WINDOWS\System32\sechost.dll
0x00007ffabc010000 - 0x00007ffabc135000 	C:\WINDOWS\System32\RPCRT4.dll
0x00007ffaba870000 - 0x00007ffabaa10000 	C:\WINDOWS\System32\USER32.dll
0x00007ffaba760000 - 0x00007ffaba782000 	C:\WINDOWS\System32\win32u.dll
0x00007ffabc6c0000 - 0x00007ffabc6ea000 	C:\WINDOWS\System32\GDI32.dll
0x00007ffaba520000 - 0x00007ffaba62b000 	C:\WINDOWS\System32\gdi32full.dll
0x00007ffaba040000 - 0x00007ffaba0dd000 	C:\WINDOWS\System32\msvcp_win.dll
0x00007ffaba660000 - 0x00007ffaba760000 	C:\WINDOWS\System32\ucrtbase.dll
0x00007ffaa7460000 - 0x00007ffaa76fa000 	C:\WINDOWS\WinSxS\amd64_microsoft.windows.common-controls_6595b64144ccf1df_6.0.19041.1110_none_60b5254171f9507e\COMCTL32.dll
0x00007ffabbfe0000 - 0x00007ffabc010000 	C:\WINDOWS\System32\IMM32.DLL
0x000000005d9d0000 - 0x000000005daa2000 	C:\Program Files\Java\jdk1.8.0_191\jre\bin\msvcr100.dll
0x000000005d120000 - 0x000000005d9c4000 	C:\Program Files\Java\jdk1.8.0_191\jre\bin\server\jvm.dll
0x00007ffabb450000 - 0x00007ffabb458000 	C:\WINDOWS\System32\PSAPI.DLL
0x00007ffab47f0000 - 0x00007ffab47f9000 	C:\WINDOWS\SYSTEM32\WSOCK32.dll
0x00007ffabb320000 - 0x00007ffabb38b000 	C:\WINDOWS\System32\WS2_32.dll
0x00007ffaa73d0000 - 0x00007ffaa73f7000 	C:\WINDOWS\SYSTEM32\WINMM.dll
0x00007ffaaf370000 - 0x00007ffaaf37a000 	C:\WINDOWS\SYSTEM32\VERSION.dll
0x000000005d110000 - 0x000000005d11f000 	C:\Program Files\Java\jdk1.8.0_191\jre\bin\verify.dll
0x000000005d0e0000 - 0x000000005d109000 	C:\Program Files\Java\jdk1.8.0_191\jre\bin\java.dll
0x000000005d0c0000 - 0x000000005d0d6000 	C:\Program Files\Java\jdk1.8.0_191\jre\bin\zip.dll
0x00007ffababd0000 - 0x00007ffabb313000 	C:\WINDOWS\System32\SHELL32.dll
0x00007ffab7f40000 - 0x00007ffab86d5000 	C:\WINDOWS\SYSTEM32\windows.storage.dll
0x00007ffabb970000 - 0x00007ffabbcc4000 	C:\WINDOWS\System32\combase.dll
0x00007ffab98b0000 - 0x00007ffab98e0000 	C:\WINDOWS\SYSTEM32\Wldp.dll
0x00007ffabbf30000 - 0x00007ffabbfdd000 	C:\WINDOWS\System32\SHCORE.dll
0x00007ffabbed0000 - 0x00007ffabbf25000 	C:\WINDOWS\System32\shlwapi.dll
0x00007ffab9d90000 - 0x00007ffab9daf000 	C:\WINDOWS\SYSTEM32\profapi.dll
0x000000005d0a0000 - 0x000000005d0ba000 	C:\Program Files\Java\jdk1.8.0_191\jre\bin\net.dll
0x00007ffab9610000 - 0x00007ffab967a000 	C:\WINDOWS\system32\mswsock.dll
0x000000005d080000 - 0x000000005d091000 	C:\Program Files\Java\jdk1.8.0_191\jre\bin\nio.dll
0x00007ffab59a0000 - 0x00007ffab59c7000 	C:\Users\Madhav\Downloads\gradle-5.4.1-all\native\8bec1ad78214c89d9ad589b4d07fe93259594b29d510b10fafb7a158f7737e5d\windows-amd64\native-platform.dll
0x00007ffa9cb00000 - 0x00007ffa9cc3d000 	C:\Users\Madhav\Downloads\gradle-5.4.1-all\native\53dbd7edfb1c66fb8903c78663c9afc45aea4f116125fa6feffd364cf09443e8\windows-amd64\native-platform-file-events.dll
0x000000005d070000 - 0x000000005d07d000 	C:\Program Files\Java\jdk1.8.0_191\jre\bin\management.dll
0x00007ffab9810000 - 0x00007ffab9828000 	C:\WINDOWS\SYSTEM32\CRYPTSP.dll
0x00007ffab8f20000 - 0x00007ffab8f54000 	C:\WINDOWS\system32\rsaenh.dll
0x00007ffaba630000 - 0x00007ffaba657000 	C:\WINDOWS\System32\bcrypt.dll
0x00007ffab9d50000 - 0x00007ffab9d7e000 	C:\WINDOWS\SYSTEM32\USERENV.dll
0x00007ffab9fb0000 - 0x00007ffaba032000 	C:\WINDOWS\System32\bcryptprimitives.dll
0x00007ffab9800000 - 0x00007ffab980c000 	C:\WINDOWS\SYSTEM32\CRYPTBASE.dll
0x00007ffab92b0000 - 0x00007ffab92eb000 	C:\WINDOWS\SYSTEM32\IPHLPAPI.DLL
0x00007ffabb890000 - 0x00007ffabb898000 	C:\WINDOWS\System32\NSI.dll
0x00007ffaaf590000 - 0x00007ffaaf5a7000 	C:\WINDOWS\SYSTEM32\dhcpcsvc6.DLL
0x00007ffab1090000 - 0x00007ffab10ad000 	C:\WINDOWS\SYSTEM32\dhcpcsvc.DLL
0x00007ffab9300000 - 0x00007ffab93ca000 	C:\WINDOWS\SYSTEM32\DNSAPI.dll
0x000000005d040000 - 0x000000005d064000 	C:\Program Files\Java\jdk1.8.0_191\jre\bin\sunec.dll
0x000000005d030000 - 0x000000005d03b000 	C:\Program Files\Java\jdk1.8.0_191\jre\bin\sunmscapi.dll
0x00007ffab9e50000 - 0x00007ffab9fa6000 	C:\WINDOWS\System32\CRYPT32.dll
0x00007ffaa9340000 - 0x00007ffaa934a000 	C:\Windows\System32\rasadhlp.dll
0x00007ffaa78d0000 - 0x00007ffaa7950000 	C:\WINDOWS\System32\fwpuclnt.dll
0x00007ffab8b50000 - 0x00007ffab8b83000 	C:\WINDOWS\SYSTEM32\ntmarta.dll
0x00007ffab7690000 - 0x00007ffab7720000 	C:\WINDOWS\system32\apphelp.dll

VM Arguments:
jvm_args: -Xmx4608m -Dfile.encoding=windows-1252 -Duser.country=US -Duser.language=en -Duser.variant 
java_command: org.gradle.launcher.daemon.bootstrap.GradleDaemon 7.1.1
java_class_path (initial): C:\Users\Madhav\Downloads\gradle-5.4.1-all\wrapper\dists\gradle-7.1.1-all\1wqbeia0d49252rmlcr6o8lbl\gradle-7.1.1\lib\gradle-launcher-7.1.1.jar
Launcher Type: SUN_STANDARD

Environment Variables:
JAVA_HOME=C:\Program Files\Java\jdk1.8.0_191
PATH=C:\Program Files (x86)\Microsoft SDKs\Azure\CLI2\wbin;C:\Program Files (x86)\Common Files\Oracle\Java\javapath;C:\WINDOWS\system32;C:\WINDOWS;C:\WINDOWS\System32\Wbem;C:\WINDOWS\System32\WindowsPowerShell\v1.0\;C:\WINDOWS\System32\OpenSSH\;C:\Program Files\Git LFS;C:\xampp\Xamppp\php;C:\composer;C:\Program Files\Java\jdk1.8.0_191\bin;C:\Program Files\Microsoft SQL Server\130\Tools\Binn\;C:\Program Files\PuTTY\;C:\Users\Madhav\AppData\Local\Programs\Python\Python39;C:\Users\Madhav\AppData\Local\Programs\Python\Python39\Scripts;C:\flutter\bin;C:\Program Files\Git\bin;C:\Users\Madhav\AppData\Local\Microsoft\WindowsApps;C:\Program Files\JetBrains\PyCharm Community Edition 2020.3.2\bin;;C:\adb;C:\Program Files\Calibre2\;C:\flutter\bin;C:\Program Files\Git\bin;C:\Users\Madhav\AppData\Local\Microsoft\WindowsApps;C:\Program Files\JetBrains\PyCharm Community Edition 2020.3.2\bin;;
USERNAME=Madhav
OS=Windows_NT
PROCESSOR_IDENTIFIER=Intel64 Family 6 Model 78 Stepping 3, GenuineIntel



---------------  S Y S T E M  ---------------

OS: Windows 10.0 , 64 bit Build 19041 (10.0.19041.1889)

CPU:total 4 (initial active 4) (2 cores per cpu, 2 threads per core) family 6 model 78 stepping 3, cmov, cx8, fxsr, mmx, sse, sse2, sse3, ssse3, sse4.1, sse4.2, popcnt, avx, avx2, aes, clmul, erms, 3dnowpref, lzcnt, ht, tsc, tscinvbit, bmi1, bmi2, adx

Memory: 4k page, physical 12472216k(703268k free), swap 14372760k(6340k free)

vm_info: Java HotSpot(TM) 64-Bit Server VM (25.191-b12) for windows-amd64 JRE (1.8.0_191-b12), built on Oct  6 2018 09:29:03 by "java_re" with MS VC++ 10.0 (VS2010)

time: Sat Oct 08 16:40:33 2022
elapsed time: 935 seconds (0d 0h 15m 35s)

